app/build/outputs/logs/manifest-merger-all-debug-report.txt
-- Merging decision tree log ---
manifest
ADDED from src\main\AndroidManifest.xml:2:1-20:12
	xmlns:android
		ADDED from src\main\AndroidManifest.xml:2:11-69
	package
		ADDED from src\main\AndroidManifest.xml:3:11-44
		INJECTED from src\main\AndroidManifest.xml
		INJECTED from src\main\AndroidManifest.xml
uses-feature#0x00020000
ADDED from src\main\AndroidManifest.xml:4:3-51
	android:glEsVersion
		ADDED from src\main\AndroidManifest.xml:4:17-49
application
ADDED from src\main\AndroidManifest.xml:5:3-19:17
	android:label
		ADDED from src\main\AndroidManifest.xml:9:7-45
	android:allowBackup
		ADDED from src\main\AndroidManifest.xml:6:7-34
	android:icon
		ADDED from src\main\AndroidManifest.xml:8:7-41
	android:fullBackupContent
		ADDED from src\main\AndroidManifest.xml:7:7-40
activity#com.android.androidGL4D.AGL4DActivity
ADDED from src\main\AndroidManifest.xml:10:5-18:16
	android:configChanges
		ADDED from src\main\AndroidManifest.xml:13:15-65
	android:theme
		ADDED from src\main\AndroidManifest.xml:11:15-73
	android:name
		ADDED from src\main\AndroidManifest.xml:10:15-44
	android:launchMode
		ADDED from src\main\AndroidManifest.xml:12:15-46
intent-filter#android.intent.action.MAIN+android.intent.category.LAUNCHER
ADDED from src\main\AndroidManifest.xml:14:7-17:23
action#android.intent.action.MAIN
ADDED from src\main\AndroidManifest.xml:15:9-61
	android:name
		ADDED from src\main\AndroidManifest.xml:15:17-58
category#android.intent.category.LAUNCHER
ADDED from src\main\AndroidManifest.xml:16:9-69
	android:name
		ADDED from src\main\AndroidManifest.xml:16:19-66
uses-sdk
INJECTED from src\main\AndroidManifest.xml reason: use-sdk injection requested
	android:targetSdkVersion
		INJECTED from src\main\AndroidManifest.xml
		INJECTED from src\main\AndroidManifest.xml
	android:minSdkVersion
		INJECTED from src\main\AndroidManifest.xml
		INJECTED from src\main\AndroidManifest.xml